<?xml version="1.0" encoding="utf-8"?><testsuites name="pytest tests"><testsuite name="pytest" errors="0" failures="0" skipped="0" tests="11" time="36.225" timestamp="2026-05-31T02:29:41.969337+00:00" hostname="agent-env-605bd614-cb54-4871-89b7-5f629174f995"><testcase classname="backend.tests.test_ai_image_generation.TestAuthGating" name="test_single_gen_anonymous_blocked" time="0.126" /><testcase classname="backend.tests.test_ai_image_generation.TestAuthGating" name="test_bulk_gen_anonymous_blocked" time="0.102" /><testcase classname="backend.tests.test_ai_image_generation.TestAuthGating" name="test_single_gen_non_admin_blocked" time="0.387" /><testcase classname="backend.tests.test_ai_image_generation.TestAuthGating" name="test_bulk_gen_non_admin_blocked" time="0.049" /><testcase classname="backend.tests.test_ai_image_generation.TestAdminProductsFilters" name="test_search_filter" time="0.584" /><testcase classname="backend.tests.test_ai_image_generation.TestAdminProductsFilters" name="test_search_no_match_returns_empty" time="0.046" /><testcase classname="backend.tests.test_ai_image_generation.TestAdminProductsFilters" name="test_missing_images_true" time="0.058" /><testcase classname="backend.tests.test_ai_image_generation.TestAdminProductsFilters" name="test_missing_images_false_returns_all" time="0.052" /><testcase classname="backend.tests.test_ai_image_generation.TestSingleImageGeneration" name="test_generate_image_single" time="11.428" /><testcase classname="backend.tests.test_ai_image_generation.TestSingleImageGeneration" name="test_generate_image_product_not_found" time="0.050" /><testcase classname="backend.tests.test_ai_image_generation.TestBulkImageGeneration" name="test_bulk_generate_limit_2" time="23.278" /></testsuite></testsuites>