<?xml version="1.0" encoding="utf-8"?><testsuites name="pytest tests"><testsuite name="pytest" errors="0" failures="0" skipped="0" tests="26" time="6.391" timestamp="2026-05-31T02:29:30.846843+00:00" hostname="agent-env-605bd614-cb54-4871-89b7-5f629174f995"><testcase classname="backend.tests.test_almira_backend.TestHealthAndCatalog" name="test_categories_seeded" time="0.172" /><testcase classname="backend.tests.test_almira_backend.TestHealthAndCatalog" name="test_products_pagination" time="0.112" /><testcase classname="backend.tests.test_almira_backend.TestHealthAndCatalog" name="test_product_by_id" time="0.245" /><testcase classname="backend.tests.test_almira_backend.TestAuth" name="test_register_login_me" time="0.709" /><testcase classname="backend.tests.test_almira_backend.TestAuth" name="test_login_invalid" time="0.120" /><testcase classname="backend.tests.test_almira_backend.TestAuth" name="test_admin_login_success" time="0.400" /><testcase classname="backend.tests.test_almira_backend.TestAuth" name="test_admin_login_invalid" time="0.330" /><testcase classname="backend.tests.test_almira_backend.TestAdminEndpoints" name="test_stats" time="0.056" /><testcase classname="backend.tests.test_almira_backend.TestAdminEndpoints" name="test_dashboard" time="0.055" /><testcase classname="backend.tests.test_almira_backend.TestAdminEndpoints" name="test_admin_orders" time="0.056" /><testcase classname="backend.tests.test_almira_backend.TestAdminEndpoints" name="test_admin_products" time="0.057" /><testcase classname="backend.tests.test_almira_backend.TestAdminEndpoints" name="test_admin_unauthenticated_blocked" time="0.102" /><testcase classname="backend.tests.test_almira_backend.TestCategoryCRUD" name="test_create_update_delete" time="0.181" /><testcase classname="backend.tests.test_almira_backend.TestProductCRUD" name="test_create_persists" time="0.166" /><testcase classname="backend.tests.test_almira_backend.TestProductCRUD" name="test_update_product" time="0.058" /><testcase classname="backend.tests.test_almira_backend.TestProductCRUD" name="test_delete_product" time="0.170" /><testcase classname="backend.tests.test_almira_backend.TestCartGuest" name="test_full_guest_cart_flow" time="0.800" /><testcase classname="backend.tests.test_almira_backend.TestWishlist" name="test_toggle_and_check" time="0.646" /><testcase classname="backend.tests.test_almira_backend.TestOrders" name="test_create_order_flow" time="0.316" /><testcase classname="backend.tests.test_almira_backend.TestOrders" name="test_create_order_empty_cart" time="0.101" /><testcase classname="backend.tests.test_almira_backend.TestSettings" name="test_get_settings" time="0.108" /><testcase classname="backend.tests.test_almira_backend.TestSettings" name="test_update_settings" time="0.054" /><testcase classname="backend.tests.test_almira_backend.TestShipping" name="test_origin" time="0.145" /><testcase classname="backend.tests.test_almira_backend.TestShipping" name="test_destination_no_key_returns_503" time="0.105" /><testcase classname="backend.tests.test_almira_backend.TestShipping" name="test_cost_no_key_returns_503" time="0.106" /><testcase classname="backend.tests.test_almira_backend.TestChatbot" name="test_chat_reply" time="0.939" /></testsuite></testsuites>