<?xml version="1.0" encoding="utf-8"?><testsuites name="pytest tests"><testsuite name="pytest" errors="0" failures="0" skipped="0" tests="14" time="5.417" timestamp="2026-05-08T09:15:40.090136+00:00" hostname="agent-env-bd886e7b-bfe8-4f74-96b9-15ab5b0d70da"><testcase classname="backend.tests.test_florist_features.TestShipping" name="test_origin_endpoint" time="0.283" /><testcase classname="backend.tests.test_florist_features.TestShipping" name="test_destination_search_bumiaji" time="0.809" /><testcase classname="backend.tests.test_florist_features.TestShipping" name="test_destination_search_short" time="0.140" /><testcase classname="backend.tests.test_florist_features.TestShipping" name="test_shipping_cost_calculation" time="2.560" /><testcase classname="backend.tests.test_florist_features.TestShipping" name="test_shipping_cost_invalid_weight" time="0.137" /><testcase classname="backend.tests.test_florist_features.TestSettings" name="test_admin_update_origin" time="0.432" /><testcase classname="backend.tests.test_florist_features.TestSettings" name="test_get_settings_public" time="0.103" /><testcase classname="backend.tests.test_florist_features.TestProductVariants" name="test_product_created_with_variants" time="0.053" /><testcase classname="backend.tests.test_florist_features.TestProductVariants" name="test_get_product_returns_variants" time="0.107" /><testcase classname="backend.tests.test_florist_features.TestCart" name="test_cart_add_two_variants_separate_rows" time="0.246" /><testcase classname="backend.tests.test_florist_features.TestCart" name="test_update_variant_only_updates_that_row" time="0.098" /><testcase classname="backend.tests.test_florist_features.TestCart" name="test_remove_variant_only_removes_that" time="0.100" /><testcase classname="backend.tests.test_florist_features.TestCart" name="test_invalid_variant_rejected" time="0.048" /><testcase classname="backend.tests.test_florist_features.TestOrder" name="test_create_order_with_shipping" time="0.217" /></testsuite></testsuites>